[01:27:47] [main/INFO] (FabricLoader/GameProvider) Loading Minecraft 1.7.7.0 with Fabric Loader 0.14.19-babric.1
[01:27:47] [main/DEBUG] (FabricLoader/GamePatch) Found game constructor: net.minecraft.client.Minecraft -> net/minecraft/client/Minecraft
[01:27:47] [main/DEBUG] (FabricLoader/GamePatch) Patching game constructor <init>()V
[01:27:47] [main/DEBUG] (FabricLoader/GamePatch) Patched 1 class
[01:27:47] [ForkJoinPool-1-worker-1/WARN] (FabricLoader/Metadata) Mod examplemod uses the version ${version} which isn't compatible with Loader's extended semantic version format (Could not parse version number component '${version}'!), SemVer is recommended for reliably evaluating dependencies and prioritizing newer version
[01:27:47] [ForkJoinPool-1-worker-4/WARN] (FabricLoader/Metadata) Mod modmenu uses the version $version which isn't compatible with Loader's extended semantic version format (Could not parse version number component '$version'!), SemVer is recommended for reliably evaluating dependencies and prioritizing newer version
[01:27:47] [main/DEBUG] (FabricLoader/Discovery) Mod discovery time: 13.1 ms
[01:27:47] [main/DEBUG] (FabricLoader/Resolution) Mod resolution time: 22.2 ms
[01:27:47] [main/INFO] (FabricLoader) Loading 12 mods:
	- aetherenabler 1.2.1
	- examplemod ${version}
	- fabricloader 0.14.19-babric.1+local
	- guidebookpp 1.5.3
	- guimod 1.1.0
	- halplibe 2.1.1
	- java 17
	- minecraft 1.7.7.0
	- modernboats 1.3.1
	- modmenu $version
	- steelupgrade 1.0.1
	- zoomplus 1.0.1
[01:27:47] [main/DEBUG] (FabricLoader/Mappings) Loading mappings took 3 ms
[01:27:55] [main/DEBUG] (FabricLoader/Knot) Adding C:\Users\matth\Documents\GitHub\BTA_Babric_Template\run\.fabric\processedMods\steelupgrade-1.0.1-64b5720b4b825f21.jar to classpath.
[01:27:55] [main/DEBUG] (FabricLoader/Knot) Adding C:\Users\matth\Documents\GitHub\BTA_Babric_Template\.gradle\loom-cache\remapped_mods\loom_mappings_1_7_7_0_layered_hash_31_v2\bta-halplibe\halplibe\2.1.1\halplibe-2.1.1.jar to classpath.
[01:27:55] [main/DEBUG] (FabricLoader/Knot) Adding C:\Users\matth\Documents\GitHub\BTA_Babric_Template\run\.fabric\processedMods\aetherenabler-1.2.1-64b5720b4b825f21.jar to classpath.
[01:27:55] [main/DEBUG] (FabricLoader/Knot) Adding C:\Users\matth\Documents\GitHub\BTA_Babric_Template\run\.fabric\processedMods\guidebookpp-1.5.3-64b5720b4b825f21.jar to classpath.
[01:27:55] [main/DEBUG] (FabricLoader/Knot) Adding C:\Users\matth\Documents\GitHub\BTA_Babric_Template\run\.fabric\processedMods\guimod-1.1.0-64b5720b4b825f21.jar to classpath.
[01:27:55] [main/DEBUG] (FabricLoader/Knot) Adding C:\Users\matth\Documents\GitHub\BTA_Babric_Template\run\.fabric\processedMods\modernboats-1.3.1-64b5720b4b825f21.jar to classpath.
[01:27:55] [main/DEBUG] (FabricLoader/Knot) Adding C:\Users\matth\Documents\GitHub\BTA_Babric_Template\.gradle\loom-cache\remapped_mods\loom_mappings_1_7_7_0_layered_hash_31_v2\ModMenu\ModMenu\2.0.0\ModMenu-2.0.0.jar to classpath.
[01:27:55] [main/DEBUG] (FabricLoader/Knot) Adding C:\Users\matth\Documents\GitHub\BTA_Babric_Template\run\.fabric\processedMods\zoomplus-1.0.1-64b5720b4b825f21.jar to classpath.
[01:27:55] [main/DEBUG] (FabricLoader/Knot) Adding C:\Users\matth\Documents\GitHub\Output\production\BTA_Babric_Template.main to classpath.
[01:27:55] [main/DEBUG] (FabricLoader/Entrypoint) Registering new-style initializer sixteenex.steelupgrade.SteelUpgrade for mod steelupgrade (key main)
[01:27:55] [main/DEBUG] (FabricLoader/Entrypoint) Registering new-style initializer turniplabs.halplibe.HalpLibe for mod halplibe (key main)
[01:27:55] [main/DEBUG] (FabricLoader/Entrypoint) Registering new-style initializer useless.aetherenabler.AetherEnabler for mod aetherenabler (key main)
[01:27:55] [main/DEBUG] (FabricLoader/Entrypoint) Registering new-style initializer sunsetsatellite.guidebookpp.DefaultPlugin for mod guidebookpp (key guidebookpp)
[01:27:55] [main/DEBUG] (FabricLoader/Entrypoint) Registering new-style initializer sunsetsatellite.guidebookpp.GuidebookPlusPlus for mod guidebookpp (key main)
[01:27:55] [main/DEBUG] (FabricLoader/Entrypoint) Registering new-style initializer useless.guimod.GUIMod for mod guimod (key main)
[01:27:55] [main/DEBUG] (FabricLoader/Entrypoint) Registering new-style initializer useless.modernboats.ModernBoats for mod modernboats (key main)
[01:27:55] [main/DEBUG] (FabricLoader/Entrypoint) Registering new-style initializer io.github.prospector.modmenu.impl.ModMenuApiImpl for mod modmenu (key modmenu)
[01:27:55] [main/DEBUG] (FabricLoader/Entrypoint) Registering new-style initializer io.github.prospector.modmenu.ModMenu for mod modmenu (key client)
[01:27:55] [main/DEBUG] (FabricLoader/Entrypoint) Registering new-style initializer useless.zoomplus.ZoomPlus for mod zoomplus (key main)
[01:27:55] [main/DEBUG] (FabricLoader/Entrypoint) Registering new-style initializer useless.examplemod.ExampleMod for mod examplemod (key main)
[01:27:55] [main/INFO] (FabricLoader/Mixin) SpongePowered MIXIN Subsystem Version=0.8.5 Source=file:/C:/Users/matth/.gradle/caches/modules-2/files-2.1/net.fabricmc/sponge-mixin/0.12.4+mixin.0.8.5/e13b4069fe3555969811d4474f78576c707bbe1c/sponge-mixin-0.12.4+mixin.0.8.5.jar Service=Knot/Fabric Env=CLIENT
[01:27:55] [main/DEBUG] (FabricLoader/Mixin) Initialising Mixin Platform Manager
[01:27:55] [main/DEBUG] (FabricLoader/Mixin) Adding mixin platform agents for container ContainerHandleURI(file:///C:/Users/matth/.gradle/caches/modules-2/files-2.1/fabric-loader/fabric-loader/0.14.19-babric.1-bta/e0532eab9c129175b11eea2aceebea01964c62e1/fabric-loader-0.14.19-babric.1-bta.jar)
[01:27:55] [main/DEBUG] (FabricLoader/Mixin) Instancing new MixinPlatformAgentDefault for ContainerHandleURI(file:///C:/Users/matth/.gradle/caches/modules-2/files-2.1/fabric-loader/fabric-loader/0.14.19-babric.1-bta/e0532eab9c129175b11eea2aceebea01964c62e1/fabric-loader-0.14.19-babric.1-bta.jar)
[01:27:55] [main/DEBUG] (FabricLoader/Mixin) MixinPlatformAgentDefault accepted container ContainerHandleURI(file:///C:/Users/matth/.gradle/caches/modules-2/files-2.1/fabric-loader/fabric-loader/0.14.19-babric.1-bta/e0532eab9c129175b11eea2aceebea01964c62e1/fabric-loader-0.14.19-babric.1-bta.jar)
[01:27:55] [main/DEBUG] (FabricLoader/Mixin) Instancing new MixinPlatformAgentDefault for ContainerHandleURI(file:///C:/Users/matth/.gradle/caches/modules-2/files-2.1/fabric-loader/fabric-loader/0.14.19-babric.1-bta/e0532eab9c129175b11eea2aceebea01964c62e1/fabric-loader-0.14.19-babric.1-bta.jar)
[01:27:55] [main/DEBUG] (FabricLoader/Mixin) MixinPlatformAgentDefault accepted container ContainerHandleURI(file:///C:/Users/matth/.gradle/caches/modules-2/files-2.1/fabric-loader/fabric-loader/0.14.19-babric.1-bta/e0532eab9c129175b11eea2aceebea01964c62e1/fabric-loader-0.14.19-babric.1-bta.jar)
[01:27:55] [main/DEBUG] (FabricLoader/Mixin) Processing prepare() for PlatformAgent[MixinPlatformAgentDefault:ContainerHandleURI(file:///C:/Users/matth/.gradle/caches/modules-2/files-2.1/fabric-loader/fabric-loader/0.14.19-babric.1-bta/e0532eab9c129175b11eea2aceebea01964c62e1/fabric-loader-0.14.19-babric.1-bta.jar)]
[01:27:55] [main/DEBUG] (FabricLoader/Mixin) Processing prepare() for PlatformAgent[MixinPlatformAgentDefault:ContainerHandleURI(file:///C:/Users/matth/.gradle/caches/modules-2/files-2.1/fabric-loader/fabric-loader/0.14.19-babric.1-bta/e0532eab9c129175b11eea2aceebea01964c62e1/fabric-loader-0.14.19-babric.1-bta.jar)]
[01:27:55] [main/INFO] (FabricLoader/Mixin) Loaded Fabric development mappings for mixin remapper!
[01:27:55] [main/DEBUG] (FabricLoader/Mixin) Mixin config mixins.modmenu.json does not specify "minVersion" property
[01:27:55] [main/DEBUG] (FabricLoader/Knot) Adding C:\Users\matth\.gradle\caches\fabric-loom\minecraftMaven\net\minecraft\minecraft-merged\1.7.7.0-loom.mappings.1_7_7_0.layered+hash.31-v2\minecraft-merged-1.7.7.0-loom.mappings.1_7_7_0.layered+hash.31-v2.jar to classpath.
[01:27:55] [main/DEBUG] (FabricLoader/Knot) Adding C:\Users\matth\Documents\GitHub\Output\production\BTA_Babric_Template.main to classpath.
[01:27:55] [main/DEBUG] (FabricLoader/Knot) Adding C:\Users\matth\.gradle\caches\modules-2\files-2.1\com.google.guava\guava\30.0-jre\8ddbc8769f73309fe09b54c5951163f10b0d89fa\guava-30.0-jre.jar to classpath.
[01:27:55] [main/DEBUG] (FabricLoader/Knot) Adding C:\Users\matth\.gradle\caches\modules-2\files-2.1\org.apache.logging.log4j\log4j-1.2-api\2.20.0\689151374756cb809cb029f2501015bdc7733179\log4j-1.2-api-2.20.0.jar to classpath.
[01:27:55] [main/DEBUG] (FabricLoader/Knot) Adding C:\Users\matth\.gradle\caches\modules-2\files-2.1\log4j\apache-log4j-extras\1.2.17\85863614d82185d7e51fe21c00aa9117a523a8b6\apache-log4j-extras-1.2.17.jar to classpath.
[01:27:55] [main/DEBUG] (FabricLoader/Knot) Adding C:\Users\matth\.gradle\caches\modules-2\files-2.1\net.sf.jopt-simple\jopt-simple\4.5\6065cc95c661255349c1d0756657be17c29a4fd3\jopt-simple-4.5.jar to classpath.
[01:27:55] [main/DEBUG] (FabricLoader/Knot) Adding C:\Users\matth\.gradle\caches\modules-2\files-2.1\net.java.jinput\jinput\2.0.5\39c7796b469a600f72380316f6b1f11db6c2c7c4\jinput-2.0.5.jar to classpath.
[01:27:55] [main/DEBUG] (FabricLoader/Knot) Adding C:\Users\matth\.gradle\caches\modules-2\files-2.1\net.java.jutils\jutils\1.0.0\e12fe1fda814bd348c1579329c86943d2cd3c6a6\jutils-1.0.0.jar to classpath.
[01:27:55] [main/DEBUG] (FabricLoader/Knot) Adding C:\Users\matth\.gradle\caches\modules-2\files-2.1\org.lwjgl.lwjgl\lwjgl\2.9.4-babric.1\3cf0e66ef512a7320eb25d34dd87b402f6c068e5\lwjgl-2.9.4-babric.1.jar to classpath.
[01:27:55] [main/DEBUG] (FabricLoader/Knot) Adding C:\Users\matth\.gradle\caches\modules-2\files-2.1\org.lwjgl.lwjgl\lwjgl_util\2.9.4-babric.1\985500842d01f9325533c86b02a3bc152cbff601\lwjgl_util-2.9.4-babric.1.jar to classpath.
[01:27:55] [main/DEBUG] (FabricLoader/Knot) Adding C:\Users\matth\Documents\GitHub\BTA_Babric_Template\.gradle\loom-cache\remapped_mods\loom_mappings_1_7_7_0_layered_hash_31_v2\bta-halplibe\halplibe\2.1.1\halplibe-2.1.1.jar to classpath.
[01:27:55] [main/DEBUG] (FabricLoader/Knot) Adding C:\Users\matth\Documents\GitHub\BTA_Babric_Template\.gradle\loom-cache\remapped_mods\loom_mappings_1_7_7_0_layered_hash_31_v2\ModMenu\ModMenu\2.0.0\ModMenu-2.0.0.jar to classpath.
[01:27:55] [main/DEBUG] (FabricLoader/Knot) Adding C:\Users\matth\.gradle\caches\modules-2\files-2.1\com.google.guava\failureaccess\1.0.1\1dcf1de382a0bf95a3d8b0849546c88bac1292c9\failureaccess-1.0.1.jar to classpath.
[01:27:55] [main/DEBUG] (FabricLoader/Knot) Adding C:\Users\matth\.gradle\caches\modules-2\files-2.1\com.google.guava\listenablefuture\9999.0-empty-to-avoid-conflict-with-guava\b421526c5f297295adef1c886e5246c39d4ac629\listenablefuture-9999.0-empty-to-avoid-conflict-with-guava.jar to classpath.
[01:27:55] [main/DEBUG] (FabricLoader/Knot) Adding C:\Users\matth\.gradle\caches\modules-2\files-2.1\com.google.code.findbugs\jsr305\3.0.2\25ea2e8b0c338a877313bd4672d3fe056ea78f0d\jsr305-3.0.2.jar to classpath.
[01:27:55] [main/DEBUG] (FabricLoader/Knot) Adding C:\Users\matth\.gradle\caches\modules-2\files-2.1\org.checkerframework\checker-qual\3.5.0\2f50520c8abea66fbd8d26e481d3aef5c673b510\checker-qual-3.5.0.jar to classpath.
[01:27:55] [main/DEBUG] (FabricLoader/Knot) Adding C:\Users\matth\.gradle\caches\modules-2\files-2.1\com.google.errorprone\error_prone_annotations\2.3.4\dac170e4594de319655ffb62f41cbd6dbb5e601e\error_prone_annotations-2.3.4.jar to classpath.
[01:27:55] [main/DEBUG] (FabricLoader/Knot) Adding C:\Users\matth\.gradle\caches\modules-2\files-2.1\com.google.j2objc\j2objc-annotations\1.3\ba035118bc8bac37d7eff77700720999acd9986d\j2objc-annotations-1.3.jar to classpath.
[01:27:55] [main/DEBUG] (FabricLoader/Knot) Adding C:\Users\matth\.gradle\caches\modules-2\files-2.1\log4j\log4j\1.2.17\5af35056b4d257e4b64b9e8069c0746e8b08629f\log4j-1.2.17.jar to classpath.
[01:27:55] [main/DEBUG] (FabricLoader/Knot) Adding C:\Users\matth\.gradle\caches\fabric-loom\1.7.7.0\loom.mappings.1_7_7_0.layered+hash.31-v2\mappings.jar to classpath.
[01:27:55] [main/DEBUG] (FabricLoader/Knot) Adding C:\Users\matth\.gradle\caches\modules-2\files-2.1\net.fabricmc\dev-launch-injector\0.2.1+build.8\da8bef7e6e2f952da707f282bdb46882a0fce5e3\dev-launch-injector-0.2.1+build.8.jar to classpath.
[01:27:55] [main/DEBUG] (FabricLoader/Knot) Adding C:\Users\matth\.gradle\caches\modules-2\files-2.1\objects\client\43db9b498cb67058d2e12d394e6507722e71bb45\43db9b498cb67058d2e12d394e6507722e71bb45\client-43db9b498cb67058d2e12d394e6507722e71bb45.jar to classpath.
[01:27:55] [main/DEBUG] (FabricLoader/Knot) Adding C:\Users\matth\.gradle\caches\modules-2\files-2.1\org.jline\jline-reader\3.12.1\4382ab1382c7b6f379377ed5f665dc2f6e1218bc\jline-reader-3.12.1.jar to classpath.
[01:27:55] [main/DEBUG] (FabricLoader/Knot) Adding C:\Users\matth\.gradle\caches\modules-2\files-2.1\org.jline\jline-terminal\3.12.1\c777448314e050d980a6b697c140f3bfe9eb7416\jline-terminal-3.12.1.jar to classpath.
[01:27:55] [main/DEBUG] (FabricLoader/Entrypoint) No subscribers for entrypoint 'preLaunch'
[01:27:55] [main/DEBUG] (FabricLoader/GameProvider) Launch arguments: [--assetIndex, 1.7.7.0-pre-1.6, --assetsDir, C:\Users\matth\.gradle\caches\fabric-loom\assets, --accessToken, FabricMC, --version, Fabric, --versionType, Fabric, --gameDir, C:\Users\matth\Documents\GitHub\BTA_Babric_Template\run]
[01:27:55] [main/DEBUG] (FabricLoader/Mixin) Preparing mixins for MixinEnvironment[DEFAULT]
[01:27:55] [main/DEBUG] (FabricLoader/Mixin) Selecting config steelupgrade.mixins.json
[01:27:55] [main/WARN] (FabricLoader/Mixin) Reference map 'steelupgrade-refmap.json' for steelupgrade.mixins.json could not be read. If this is a development environment you can ignore this message
[01:27:55] [main/DEBUG] (FabricLoader/Mixin) Selecting config halplibe.mixins.json
[01:27:55] [main/DEBUG] (FabricLoader/Mixin) Remapping refMap halplibe-refmap.json using remapper chain
[01:27:55] [main/DEBUG] (FabricLoader/Mixin) Selecting config aetherenabler.mixins.json
[01:27:55] [main/DEBUG] (FabricLoader/Mixin) Selecting config guidebookpp.mixins.json
[01:27:55] [main/DEBUG] (FabricLoader/Mixin) Remapping refMap guidebookpp-refmap.json using remapper chain
[01:27:55] [main/DEBUG] (FabricLoader/Mixin) Selecting config guimod.mixins.json
[01:27:55] [main/DEBUG] (FabricLoader/Mixin) Selecting config modernboats.mixins.json
[01:27:55] [main/DEBUG] (FabricLoader/Mixin) Selecting config mixins.modmenu.json
[01:27:55] [main/DEBUG] (FabricLoader/Mixin) Remapping refMap modmenu-bta-refmap.json using remapper chain
[01:27:55] [main/DEBUG] (FabricLoader/Mixin) Selecting config zoomplus.mixins.json
[01:27:55] [main/DEBUG] (FabricLoader/Mixin) Selecting config examplemod.mixins.json
[01:27:55] [main/DEBUG] (FabricLoader/Mixin) Preparing steelupgrade.mixins.json (0)
[01:27:55] [main/DEBUG] (FabricLoader/Mixin) Preparing halplibe.mixins.json (18)
[01:27:55] [main/DEBUG] (FabricLoader/Mixin) Preparing aetherenabler.mixins.json (1)
[01:27:55] [main/DEBUG] (FabricLoader/Mixin) Preparing guidebookpp.mixins.json (7)
[01:27:55] [main/DEBUG] (FabricLoader/Mixin) Preparing guimod.mixins.json (8)
[01:27:55] [main/DEBUG] (FabricLoader/Mixin) Preparing modernboats.mixins.json (1)
[01:27:55] [main/DEBUG] (FabricLoader/Mixin) Preparing mixins.modmenu.json (6)
[01:27:55] [main/DEBUG] (FabricLoader/Mixin) Preparing zoomplus.mixins.json (1)
[01:27:55] [main/DEBUG] (FabricLoader/Mixin) Preparing examplemod.mixins.json (0)
[01:27:55] [main/DEBUG] (FabricLoader/Mixin) Registering new injector for @Inject with org.spongepowered.asm.mixin.injection.struct.CallbackInjectionInfo
[01:27:55] [main/DEBUG] (FabricLoader/Mixin) Registering new injector for @ModifyArg with org.spongepowered.asm.mixin.injection.struct.ModifyArgInjectionInfo
[01:27:55] [main/DEBUG] (FabricLoader/Mixin) Registering new injector for @ModifyArgs with org.spongepowered.asm.mixin.injection.struct.ModifyArgsInjectionInfo
[01:27:55] [main/DEBUG] (FabricLoader/Mixin) Registering new injector for @Redirect with org.spongepowered.asm.mixin.injection.struct.RedirectInjectionInfo
[01:27:55] [main/DEBUG] (FabricLoader/Mixin) Registering new injector for @ModifyVariable with org.spongepowered.asm.mixin.injection.struct.ModifyVariableInjectionInfo
[01:27:55] [main/DEBUG] (FabricLoader/Mixin) Registering new injector for @ModifyConstant with org.spongepowered.asm.mixin.injection.struct.ModifyConstantInjectionInfo
[01:27:55] [main/DEBUG] (FabricLoader/Mixin) Mixing MinecraftAccessor from guidebookpp.mixins.json into net.minecraft.client.Minecraft
[01:27:55] [main/DEBUG] (FabricLoader/Mixin) Mixing MinecraftAccessor from mixins.modmenu.json into net.minecraft.client.Minecraft
[01:27:55] [main/DEBUG] (FabricLoader/Mixin) Renaming @Invoker method getOS()Lnet/minecraft/core/enums/EnumOS; to getOS$modmenu_$md$4fc2e4$0 in mixins.modmenu.json:MinecraftAccessor from mod modmenu
[01:27:55] [main/DEBUG] (FabricLoader/Mixin) Mixing MixinGuiMainMenu from mixins.modmenu.json into net.minecraft.client.gui.GuiMainMenu
[01:27:55] [main/DEBUG] (FabricLoader/Mixin) mixins.modmenu.json:MixinGuiMainMenu from mod modmenu->@Inject::drawMenuButton(Lorg/spongepowered/asm/mixin/injection/callback/CallbackInfo;)V doesn't use it's CallbackInfo
[01:27:55] [main/DEBUG] (FabricLoader/Mixin) mixins.modmenu.json:MixinGuiMainMenu from mod modmenu->@Inject::drawMenuButton(Lorg/spongepowered/asm/mixin/injection/callback/CallbackInfo;)V has 0 override(s) in child classes
[01:27:55] [main/DEBUG] (FabricLoader/Mixin) mixins.modmenu.json:MixinGuiMainMenu from mod modmenu->@Inject::drawMenuButton(Lorg/spongepowered/asm/mixin/injection/callback/CallbackInfo;)V won't be passed a CallbackInfo as a result
[01:27:55] [main/DEBUG] (FabricLoader/Mixin) mixins.modmenu.json:MixinGuiMainMenu from mod modmenu->@Inject::onActionPerformed(Lnet/minecraft/client/gui/GuiButton;Lorg/spongepowered/asm/mixin/injection/callback/CallbackInfo;)V doesn't use it's CallbackInfo
[01:27:55] [main/DEBUG] (FabricLoader/Mixin) mixins.modmenu.json:MixinGuiMainMenu from mod modmenu->@Inject::onActionPerformed(Lnet/minecraft/client/gui/GuiButton;Lorg/spongepowered/asm/mixin/injection/callback/CallbackInfo;)V has 0 override(s) in child classes
[01:27:55] [main/DEBUG] (FabricLoader/Mixin) mixins.modmenu.json:MixinGuiMainMenu from mod modmenu->@Inject::onActionPerformed(Lnet/minecraft/client/gui/GuiButton;Lorg/spongepowered/asm/mixin/injection/callback/CallbackInfo;)V won't be passed a CallbackInfo as a result
[01:27:55] [main/DEBUG] (FabricLoader/Mixin) Mixing MixinGuiIngameMenu from mixins.modmenu.json into net.minecraft.client.gui.GuiIngameMenu
[01:27:55] [main/DEBUG] (FabricLoader/Mixin) mixins.modmenu.json:MixinGuiIngameMenu from mod modmenu->@Inject::drawMenuButton(Lorg/spongepowered/asm/mixin/injection/callback/CallbackInfo;)V doesn't use it's CallbackInfo
[01:27:55] [main/DEBUG] (FabricLoader/Mixin) mixins.modmenu.json:MixinGuiIngameMenu from mod modmenu->@Inject::drawMenuButton(Lorg/spongepowered/asm/mixin/injection/callback/CallbackInfo;)V has 0 override(s) in child classes
[01:27:55] [main/DEBUG] (FabricLoader/Mixin) mixins.modmenu.json:MixinGuiIngameMenu from mod modmenu->@Inject::drawMenuButton(Lorg/spongepowered/asm/mixin/injection/callback/CallbackInfo;)V won't be passed a CallbackInfo as a result
[01:27:55] [main/DEBUG] (FabricLoader/Mixin) mixins.modmenu.json:MixinGuiIngameMenu from mod modmenu->@Inject::onActionPerformed(Lnet/minecraft/client/gui/GuiButton;Lorg/spongepowered/asm/mixin/injection/callback/CallbackInfo;)V doesn't use it's CallbackInfo
[01:27:55] [main/DEBUG] (FabricLoader/Mixin) mixins.modmenu.json:MixinGuiIngameMenu from mod modmenu->@Inject::onActionPerformed(Lnet/minecraft/client/gui/GuiButton;Lorg/spongepowered/asm/mixin/injection/callback/CallbackInfo;)V has 0 override(s) in child classes
[01:27:55] [main/DEBUG] (FabricLoader/Mixin) mixins.modmenu.json:MixinGuiIngameMenu from mod modmenu->@Inject::onActionPerformed(Lnet/minecraft/client/gui/GuiButton;Lorg/spongepowered/asm/mixin/injection/callback/CallbackInfo;)V won't be passed a CallbackInfo as a result
[01:27:55] [main/DEBUG] (FabricLoader/Mixin) Mixing InventoryMixin from guimod.mixins.json into net.minecraft.client.gui.GuiInventory
[01:27:55] [main/DEBUG] (FabricLoader/Mixin) Mixing GuiContainerMixin from guidebookpp.mixins.json into net.minecraft.client.gui.GuiContainer
[01:27:55] [main/DEBUG] (FabricLoader/Mixin) guidebookpp.mixins.json:GuiContainerMixin from mod guidebookpp->@Inject::keyTyped(CIIILorg/spongepowered/asm/mixin/injection/callback/CallbackInfo;)V doesn't use it's CallbackInfo
[01:27:55] [main/DEBUG] (FabricLoader/Mixin) guidebookpp.mixins.json:GuiContainerMixin from mod guidebookpp->@Inject::keyTyped(CIIILorg/spongepowered/asm/mixin/injection/callback/CallbackInfo;)V has 0 override(s) in child classes
[01:27:55] [main/DEBUG] (FabricLoader/Mixin) guidebookpp.mixins.json:GuiContainerMixin from mod guidebookpp->@Inject::keyTyped(CIIILorg/spongepowered/asm/mixin/injection/callback/CallbackInfo;)V won't be passed a CallbackInfo as a result
[01:27:55] [main/DEBUG] (FabricLoader/Mixin) guidebookpp.mixins.json:GuiContainerMixin from mod guidebookpp->@Inject::mouseMovedOrUp(IIILorg/spongepowered/asm/mixin/injection/callback/CallbackInfo;)V doesn't use it's CallbackInfo
[01:27:55] [main/DEBUG] (FabricLoader/Mixin) guidebookpp.mixins.json:GuiContainerMixin from mod guidebookpp->@Inject::mouseMovedOrUp(IIILorg/spongepowered/asm/mixin/injection/callback/CallbackInfo;)V has 0 override(s) in child classes
[01:27:55] [main/DEBUG] (FabricLoader/Mixin) guidebookpp.mixins.json:GuiContainerMixin from mod guidebookpp->@Inject::mouseMovedOrUp(IIILorg/spongepowered/asm/mixin/injection/callback/CallbackInfo;)V won't be passed a CallbackInfo as a result
[01:27:55] [main/DEBUG] (FabricLoader/Mixin) Mixing InventoryCreativeMixin from guimod.mixins.json into net.minecraft.client.gui.GuiInventoryCreative
[01:27:56] [main/DEBUG] (FabricLoader/Mixin) Mixing accessors.BlockAccessor from halplibe.mixins.json into net.minecraft.core.block.Block
[01:27:56] [main/DEBUG] (FabricLoader/Entrypoint) Iterating over entrypoint 'main'
[01:27:56] [main/INFO] (steelupgrade) SteelUpgrade initialized.
[01:27:56] [main/INFO] (halplibe) HalpLibe initialized.
[01:27:56] [main/INFO] (aetherenabler) AetherEnabler initialized.
[01:27:56] [main/DEBUG] (FabricLoader/Mixin) Mixing WaterMixin from aetherenabler.mixins.json into net.minecraft.core.block.BlockFluid
[01:27:56] [main/DEBUG] (FabricLoader/Mixin) Mixing accessors.TileEntityAccessor from halplibe.mixins.json into net.minecraft.core.block.entity.TileEntity
[01:27:56] [main/DEBUG] (FabricLoader/Mixin) Renaming @Invoker method callAddMapping(Ljava/lang/Class;Ljava/lang/String;)V to callAddMapping$halplibe_$md$4fc2e4$0 in halplibe.mixins.json:accessors.TileEntityAccessor from mod halplibe
[01:27:56] [main/DEBUG] (FabricLoader/Mixin) Mixing BoatMixin2 from modernboats.mixins.json into net.minecraft.core.entity.vehicle.EntityBoat
[01:27:56] [main/DEBUG] (FabricLoader/Mixin) Mixing accessors.CraftingManagerAccessor from halplibe.mixins.json into net.minecraft.core.crafting.CraftingManager
[01:27:56] [main/DEBUG] (FabricLoader/Mixin) Mixing accessors.RecipesFurnaceAccessor from halplibe.mixins.json into net.minecraft.core.crafting.recipe.RecipesFurnace
[01:27:56] [main/INFO] (guidebookpp) Loading plugins..
[01:27:56] [main/INFO] (guidebookpp) Loading default recipe handlers..
[01:27:56] [main/DEBUG] (FabricLoader/Mixin) Mixing ContainerGuidebookRecipeBaseMixin from guidebookpp.mixins.json into net.minecraft.core.player.inventory.ContainerGuidebookRecipeBase
[01:27:56] [main/DEBUG] (FabricLoader/Mixin) Mixing ContainerGuidebookRecipeFurnaceMixin from guidebookpp.mixins.json into net.minecraft.core.player.inventory.ContainerGuidebookRecipeFurnace
[01:27:56] [main/INFO] (guidebookpp) Adding recipes for: RecipeHandlerFurnace
[01:27:56] [main/INFO] (guidebookpp) Adding recipes for: RecipeHandlerBlastFurnace
[01:27:56] [main/DEBUG] (FabricLoader/Mixin) Mixing accessors.RecipesBlastFurnaceAccessor from halplibe.mixins.json into net.minecraft.core.crafting.recipe.RecipesBlastFurnace
[01:27:56] [main/DEBUG] (FabricLoader/Mixin) Mixing ContainerGuidebookRecipeCraftingMixin from guidebookpp.mixins.json into net.minecraft.core.player.inventory.ContainerGuidebookRecipeCrafting
[01:27:56] [main/INFO] (guidebookpp) Adding recipes for: RecipeHandlerCrafting
[01:27:56] [main/INFO] (guidebookpp) Registered 477 recipes in 3 groups
[01:27:56] [main/INFO] (guidebookpp) Guidebook++ initialized.
[01:27:56] [main/INFO] (guimod) guimod initialized.
[01:27:56] [main/INFO] (modernboats) ModernBoats initialized.
[01:27:56] [main/INFO] (zoomplus) ZoomPlus initialized.
[01:27:56] [main/INFO] (examplemod) ExampleMod initialized.
[01:27:56] [main/DEBUG] (FabricLoader/Entrypoint) Iterating over entrypoint 'client'
[01:27:56] [Client-Main/DEBUG] (FabricLoader/Mixin) Mixing GameSettingsMixin from guidebookpp.mixins.json into net.minecraft.client.option.GameSettings
[01:27:56] [Client-Main/DEBUG] (FabricLoader/Mixin) Mixing mixins.I18nMixin from halplibe.mixins.json into net.minecraft.core.lang.I18n
[01:27:56] [Client-Main/DEBUG] (FabricLoader/Mixin) halplibe.mixins.json:mixins.I18nMixin from mod halplibe->@Inject::addHalplibeModLangFiles(Ljava/lang/String;ZLorg/spongepowered/asm/mixin/injection/callback/CallbackInfo;)V doesn't use it's CallbackInfo
[01:27:56] [Client-Main/DEBUG] (FabricLoader/Mixin) halplibe.mixins.json:mixins.I18nMixin from mod halplibe->@Inject::addHalplibeModLangFiles(Ljava/lang/String;ZLorg/spongepowered/asm/mixin/injection/callback/CallbackInfo;)V has 0 override(s) in child classes
[01:27:56] [Client-Main/DEBUG] (FabricLoader/Mixin) halplibe.mixins.json:mixins.I18nMixin from mod halplibe->@Inject::addHalplibeModLangFiles(Ljava/lang/String;ZLorg/spongepowered/asm/mixin/injection/callback/CallbackInfo;)V won't be passed a CallbackInfo as a result
[01:27:56] [Client-Main/DEBUG] (FabricLoader/Mixin) Mixing accessors.LanguageAccessor from halplibe.mixins.json into net.minecraft.core.lang.Language
[01:27:56] [Client-Main/DEBUG] (halplibe) Current lang: en_US
[01:27:56] [Client-Main/DEBUG] (halplibe) steelupgrade contains 1 language files.
[01:27:56] [Client-Main/DEBUG] (halplibe) [/lang/steelupgrade/en_US.lang]
[01:27:56] [Client-Main/DEBUG] (halplibe) minecraft contains 0 language files.
[01:27:56] [Client-Main/DEBUG] (halplibe) []
[01:27:56] [Client-Main/DEBUG] (halplibe) halplibe contains 0 language files.
[01:27:56] [Client-Main/DEBUG] (halplibe) []
[01:27:56] [Client-Main/DEBUG] (halplibe) aetherenabler contains 1 language files.
[01:27:56] [Client-Main/DEBUG] (halplibe) [/lang/aetherenabler/en_US.lang]
[01:27:56] [Client-Main/DEBUG] (halplibe) guidebookpp contains 1 language files.
[01:27:56] [Client-Main/DEBUG] (halplibe) [/lang/guidebookpp/en_US.lang]
[01:27:56] [Client-Main/DEBUG] (halplibe) guimod contains 1 language files.
[01:27:56] [Client-Main/DEBUG] (halplibe) [/lang/guimod/en_US.lang]
[01:27:56] [Client-Main/DEBUG] (halplibe) modernboats contains 1 language files.
[01:27:56] [Client-Main/DEBUG] (halplibe) [/lang/modernboats/en_US.lang]
[01:27:56] [Client-Main/DEBUG] (halplibe) fabricloader contains 0 language files.
[01:27:56] [Client-Main/DEBUG] (halplibe) []
[01:27:56] [Client-Main/DEBUG] (halplibe) modmenu contains 0 language files.
[01:27:56] [Client-Main/DEBUG] (halplibe) []
[01:27:56] [Client-Main/DEBUG] (halplibe) java contains 0 language files.
[01:27:56] [Client-Main/DEBUG] (halplibe) []
[01:27:56] [Client-Main/DEBUG] (halplibe) zoomplus contains 0 language files.
[01:27:56] [Client-Main/DEBUG] (halplibe) []
[01:27:56] [Client-Main/DEBUG] (halplibe) examplemod contains 1 language files.
[01:27:56] [Client-Main/DEBUG] (halplibe) [/lang/examplemod/en_US.lang]
[01:27:59] [Client-Main/DEBUG] (FabricLoader/Mixin) Mixing MixinTexturePacks from mixins.modmenu.json into net.minecraft.client.render.texturepack.TexturePackBase
[01:27:59] [Client-Main/DEBUG] (FabricLoader/Mixin) mixins.modmenu.json:MixinTexturePacks from mod modmenu->@Inject::onGetResource(Ljava/lang/String;Lorg/spongepowered/asm/mixin/injection/callback/CallbackInfoReturnable;)V does use it's CallbackInfoReturnable
[01:27:59] [Client-Main/DEBUG] (FabricLoader/Mixin) Mixing MixinTexturePacks from mixins.modmenu.json into net.minecraft.client.render.texturepack.TexturePackCustom
[01:27:59] [Client-Main/DEBUG] (FabricLoader/Mixin) mixins.modmenu.json:MixinTexturePacks from mod modmenu->@Inject::onGetResource(Ljava/lang/String;Lorg/spongepowered/asm/mixin/injection/callback/CallbackInfoReturnable;)V does use it's CallbackInfoReturnable
[01:27:59] [Client-Main/DEBUG] (FabricLoader/Mixin) mixins.modmenu.json:MixinTexturePacks from mod modmenu->@Inject::onGetResource(Ljava/lang/String;Lorg/spongepowered/asm/mixin/injection/callback/CallbackInfoReturnable;)V does use it's CallbackInfoReturnable
[01:27:59] [Client-Main/DEBUG] (FabricLoader/Mixin) mixins.modmenu.json:MixinTexturePacks from mod modmenu->@Inject::onGetResource(Ljava/lang/String;Lorg/spongepowered/asm/mixin/injection/callback/CallbackInfoReturnable;)V does use it's CallbackInfoReturnable
[01:27:59] [Client-Main/DEBUG] (FabricLoader/Mixin) Mixing mixins.RenderEngineMixin from halplibe.mixins.json into net.minecraft.client.render.RenderEngine
[01:27:59] [Client-Main/DEBUG] (FabricLoader/Mixin) halplibe.mixins.json:mixins.RenderEngineMixin from mod halplibe->@Inject::halplibe_initDynamicTextures(Lorg/spongepowered/asm/mixin/injection/callback/CallbackInfo;)V doesn't use it's CallbackInfo
[01:27:59] [Client-Main/DEBUG] (FabricLoader/Mixin) halplibe.mixins.json:mixins.RenderEngineMixin from mod halplibe->@Inject::halplibe_initDynamicTextures(Lorg/spongepowered/asm/mixin/injection/callback/CallbackInfo;)V has 0 override(s) in child classes
[01:27:59] [Client-Main/DEBUG] (FabricLoader/Mixin) halplibe.mixins.json:mixins.RenderEngineMixin from mod halplibe->@Inject::halplibe_initDynamicTextures(Lorg/spongepowered/asm/mixin/injection/callback/CallbackInfo;)V won't be passed a CallbackInfo as a result
[01:27:59] [Client-Main/DEBUG] (FabricLoader/Mixin) Mixing zoomModMixin from zoomplus.mixins.json into net.minecraft.client.render.WorldRenderer
[01:27:59] [Client-Main/DEBUG] (FabricLoader/Mixin) Mixing accessors.RenderManagerAccessor from halplibe.mixins.json into net.minecraft.client.render.EntityRenderDispatcher
[01:27:59] [Client-Main/DEBUG] (FabricLoader/Mixin) Mixing accessors.RenderPlayerAccessor from halplibe.mixins.json into net.minecraft.client.render.entity.PlayerRenderer
[01:27:59] [Client-Main/DEBUG] (FabricLoader/Mixin) Renaming @Accessor method getArmorFilenamePrefix()[Ljava/lang/String; to getArmorFilenamePrefix$halplibe_$md$4fc2e4$0 in halplibe.mixins.json:accessors.RenderPlayerAccessor from mod halplibe
[01:27:59] [Client-Main/DEBUG] (FabricLoader/Mixin) Renaming @Accessor method setArmorFilenamePrefix([Ljava/lang/String;)V to setArmorFilenamePrefix$halplibe_$md$4fc2e4$1 in halplibe.mixins.json:accessors.RenderPlayerAccessor from mod halplibe
[01:27:59] [Client-Main/DEBUG] (FabricLoader/Mixin) Mixing accessors.TileEntityRendererAccessor from halplibe.mixins.json into net.minecraft.client.render.TileEntityRenderDispatcher
[01:28:00] [Client-Main/DEBUG] (FabricLoader/Mixin) Mixing mixins.RenderGlobalMixin from halplibe.mixins.json into net.minecraft.client.render.RenderGlobal
[01:28:00] [Client-Main/DEBUG] (FabricLoader/Mixin) halplibe.mixins.json:mixins.RenderGlobalMixin from mod halplibe->@Inject::halplibe_spawnParticle(Ljava/lang/String;DDDDDDLorg/spongepowered/asm/mixin/injection/callback/CallbackInfo;)V doesn't use it's CallbackInfo
[01:28:00] [Client-Main/DEBUG] (FabricLoader/Mixin) halplibe.mixins.json:mixins.RenderGlobalMixin from mod halplibe->@Inject::halplibe_spawnParticle(Ljava/lang/String;DDDDDDLorg/spongepowered/asm/mixin/injection/callback/CallbackInfo;)V has 0 override(s) in child classes
[01:28:00] [Client-Main/DEBUG] (FabricLoader/Mixin) halplibe.mixins.json:mixins.RenderGlobalMixin from mod halplibe->@Inject::halplibe_spawnParticle(Ljava/lang/String;DDDDDDLorg/spongepowered/asm/mixin/injection/callback/CallbackInfo;)V won't be passed a CallbackInfo as a result
[01:28:00] [Client-Main/DEBUG] (FabricLoader/Mixin) Mixing GuiButtonAccessor from mixins.modmenu.json into net.minecraft.client.gui.GuiButton
[01:28:05] [Client-Main/DEBUG] (FabricLoader/Mixin) Mixing TextFieldEditorAccessor from mixins.modmenu.json into net.minecraft.client.gui.text.TextFieldEditor
[01:28:11] [Client-Main/DEBUG] (FabricLoader/Mixin) Mixing accessors.DimensionAccessor from halplibe.mixins.json into net.minecraft.core.world.Dimension
[01:28:11] [Client-Main/DEBUG] (FabricLoader/Mixin) Renaming @Accessor method setDimensionList(Ljava/util/Map;)V to setDimensionList$halplibe_$md$4fc2e4$0 in halplibe.mixins.json:accessors.DimensionAccessor from mod halplibe
[01:28:11] [Client-Main/DEBUG] (FabricLoader/Mixin) Mixing mixins.ContainerPlayerCreativeMixin from halplibe.mixins.json into net.minecraft.core.player.inventory.ContainerPlayerCreative
[01:28:12] [Client-Main/DEBUG] (FabricLoader/Mixin) Mixing accessors.EntityListAccessor from halplibe.mixins.json into net.minecraft.core.entity.EntityDispatcher
[01:28:12] [Client-Main/DEBUG] (FabricLoader/Mixin) Renaming @Invoker method callAddMapping(Ljava/lang/Class;Ljava/lang/String;I)V to callAddMapping$halplibe_$md$4fc2e4$0 in halplibe.mixins.json:accessors.EntityListAccessor from mod halplibe
[01:28:12] [Client-Main/DEBUG] (FabricLoader/Mixin) Mixing GuiGuidebookMixin from guidebookpp.mixins.json into net.minecraft.client.gui.GuiGuidebook
[01:28:12] [Client-Main/DEBUG] (FabricLoader/Mixin) Renaming synthetic method lambda$focusRecipe$1(Ljava/util/ArrayList;Lsunsetsatellite/guidebookpp/RecipeGroup;)Z to md4fc2e4$guidebookpp$lambda$focusRecipe$1$0 in guidebookpp.mixins.json:GuiGuidebookMixin from mod guidebookpp
[01:28:12] [Client-Main/DEBUG] (FabricLoader/Mixin) Renaming synthetic method lambda$focusRecipe$0(Ljava/util/ArrayList;Lsunsetsatellite/guidebookpp/RecipeGroup;)Z to md4fc2e4$guidebookpp$lambda$focusRecipe$0$1 in guidebookpp.mixins.json:GuiGuidebookMixin from mod guidebookpp
[01:28:12] [Client-Main/DEBUG] (FabricLoader/Mixin) Mixing GuidebookMixin from guimod.mixins.json into net.minecraft.client.gui.GuiGuidebook
[01:28:12] [Client-Main/DEBUG] (FabricLoader/Mixin) guidebookpp.mixins.json:GuiGuidebookMixin from mod guidebookpp->@Inject::initGui(Lorg/spongepowered/asm/mixin/injection/callback/CallbackInfo;)V doesn't use it's CallbackInfo
[01:28:12] [Client-Main/DEBUG] (FabricLoader/Mixin) guidebookpp.mixins.json:GuiGuidebookMixin from mod guidebookpp->@Inject::initGui(Lorg/spongepowered/asm/mixin/injection/callback/CallbackInfo;)V has 0 override(s) in child classes
[01:28:12] [Client-Main/DEBUG] (FabricLoader/Mixin) guidebookpp.mixins.json:GuiGuidebookMixin from mod guidebookpp->@Inject::initGui(Lorg/spongepowered/asm/mixin/injection/callback/CallbackInfo;)V won't be passed a CallbackInfo as a result
[01:28:12] [Client-Main/DEBUG] (FabricLoader/Mixin) guidebookpp.mixins.json:GuiGuidebookMixin from mod guidebookpp->@Inject::drawGuiContainerForegroundLayer(Lorg/spongepowered/asm/mixin/injection/callback/CallbackInfo;)V doesn't use it's CallbackInfo
[01:28:12] [Client-Main/DEBUG] (FabricLoader/Mixin) guidebookpp.mixins.json:GuiGuidebookMixin from mod guidebookpp->@Inject::drawGuiContainerForegroundLayer(Lorg/spongepowered/asm/mixin/injection/callback/CallbackInfo;)V has 0 override(s) in child classes
[01:28:12] [Client-Main/DEBUG] (FabricLoader/Mixin) guidebookpp.mixins.json:GuiGuidebookMixin from mod guidebookpp->@Inject::drawGuiContainerForegroundLayer(Lorg/spongepowered/asm/mixin/injection/callback/CallbackInfo;)V won't be passed a CallbackInfo as a result
[01:28:12] [Client-Main/DEBUG] (FabricLoader/Mixin) guidebookpp.mixins.json:GuiGuidebookMixin from mod guidebookpp->@Inject::keyTyped(CIIILorg/spongepowered/asm/mixin/injection/callback/CallbackInfo;)V does use it's CallbackInfo
[01:28:12] [Client-Main/DEBUG] (FabricLoader/Mixin) Mixing DispenserMixin from guimod.mixins.json into net.minecraft.client.gui.GuiDispenser
[01:28:12] [Client-Main/DEBUG] (FabricLoader/Mixin) Mixing CraftingMixin from guimod.mixins.json into net.minecraft.client.gui.GuiCrafting
[01:28:12] [Client-Main/DEBUG] (FabricLoader/Mixin) Mixing ChestMixin from guimod.mixins.json into net.minecraft.client.gui.GuiChest
[01:28:12] [Client-Main/DEBUG] (FabricLoader/Mixin) Mixing TrommelMixin from guimod.mixins.json into net.minecraft.client.gui.GuiTrommel
[01:28:12] [Client-Main/DEBUG] (FabricLoader/Mixin) Mixing FurnanceMixin from guimod.mixins.json into net.minecraft.client.gui.GuiFurnace
[01:28:12] [Client-Main/DEBUG] (FabricLoader/Mixin) Mixing accessors.DispatcherAccessor from halplibe.mixins.json into net.minecraft.client.util.dispatch.Dispatcher
[01:28:14] [Client-Main/DEBUG] (FabricLoader/Mixin) Mixing mixins.BlockSoundDispatcherMixin from halplibe.mixins.json into net.minecraft.client.sound.block.BlockSoundDispatcher
[01:28:14] [Client-Main/DEBUG] (FabricLoader/Mixin) halplibe.mixins.json:mixins.BlockSoundDispatcherMixin from mod halplibe->@Inject::cancelValidate(Lorg/spongepowered/asm/mixin/injection/callback/CallbackInfo;)V does use it's CallbackInfo
